[debug] [2021-07-25T14:11:04.511Z] ----------------------------------------------------------------------
[debug] [2021-07-25T14:11:04.513Z] Command:       C:\Program Files\nodejs\node.exe C:\Users\Aky\AppData\Roaming\npm\node_modules\firebase-tools\lib\bin\firebase.js init
[debug] [2021-07-25T14:11:04.513Z] CLI Version:   9.16.0
[debug] [2021-07-25T14:11:04.513Z] Platform:      win32
[debug] [2021-07-25T14:11:04.513Z] Node Version:  v14.6.0
[debug] [2021-07-25T14:11:04.514Z] Time:          Sun Jul 25 2021 17:11:04 GMT+0300 (GMT+03:00)
[debug] [2021-07-25T14:11:04.514Z] ----------------------------------------------------------------------
[debug] 
[debug] [2021-07-25T14:11:04.519Z] > command requires scopes: ["email","openid","https://www.googleapis.com/auth/cloudplatformprojects.readonly","https://www.googleapis.com/auth/firebase","https://www.googleapis.com/auth/cloud-platform"]
[debug] [2021-07-25T14:11:04.519Z] > authorizing via signed-in user (achirettelol@gmail.com)
[info] 
     ######## #### ########  ######## ########     ###     ######  ########
     ##        ##  ##     ## ##       ##     ##  ##   ##  ##       ##
     ######    ##  ########  ######   ########  #########  ######  ######
     ##        ##  ##    ##  ##       ##     ## ##     ##       ## ##
     ##       #### ##     ## ######## ########  ##     ##  ######  ########

You're about to initialize a Firebase project in this directory:

  C:\Users\Aky\portfolio_website-STARTER

[info] 
=== Project Setup
[info] 
[info] First, let's associate this project directory with a Firebase project.
[info] You can create multiple project aliases by running firebase use --add, 
[info] but for now we'll just set up a default project.
[info] 
[debug] [2021-07-25T14:11:16.737Z] >>> [apiv2][query] GET https://firebase.googleapis.com/v1beta1/projects pageSize=100
[debug] [2021-07-25T14:11:17.114Z] <<< [apiv2][status] GET https://firebase.googleapis.com/v1beta1/projects 200
[debug] [2021-07-25T14:11:17.114Z] <<< [apiv2][body] GET https://firebase.googleapis.com/v1beta1/projects [omitted]
[info] i  Using project portfolio-4914d (Portfolio) 
[info] 
=== Hosting:github Setup
[info] 
[info] i  Didn't detect a .git folder. Assuming C:\Users\Aky\portfolio_website-STARTER is the project root. 
[info] i  Authorizing with GitHub to upload your service account to a GitHub repository's secrets store. 
[info] 
[info] Visit this URL on this device to log in:
[info] https://github.com/login/oauth/authorize?client_id=89cf50f02ac6aaed3484&state=784121270&redirect_uri=http%3A%2F%2Flocalhost%3A9005&scope=read%3Auser%20repo%20public_repo
[info] 
[info] Waiting for authentication...
[debug] [2021-07-25T14:11:37.197Z] >>> HTTP REQUEST POST https://github.com/login/oauth/access_token  
 {"client_id":"89cf50f02ac6aaed3484","client_secret":"3330d14abc895d9a74d5f17cd7a00711fa2c5bf0","code":"42d026584567d25b7506","redirect_uri":"http://localhost:9005","state":"784121270"}
[debug] [2021-07-25T14:11:37.592Z] <<< HTTP RESPONSE 200 {"server":"GitHub.com","date":"Sun, 25 Jul 2021 14:11:36 GMT","content-type":"application/json; charset=utf-8","transfer-encoding":"chunked","vary":"X-PJAX, Accept-Encoding, Accept, X-Requested-With","permissions-policy":"interest-cohort=()","etag":"W/\"b256d1a43a3703eb84791058f22e9dff\"","cache-control":"max-age=0, private, must-revalidate","strict-transport-security":"max-age=31536000; includeSubdomains; preload","x-frame-options":"deny","x-content-type-options":"nosniff","x-xss-protection":"0","referrer-policy":"origin-when-cross-origin, strict-origin-when-cross-origin","expect-ct":"max-age=2592000, report-uri=\"https://api.github.com/_private/browser/errors\"","content-security-policy":"default-src 'none'; base-uri 'self'; block-all-mixed-content; connect-src 'self' uploads.github.com www.githubstatus.com collector.githubapp.com api.github.com github-cloud.s3.amazonaws.com github-production-repository-file-5c1aeb.s3.amazonaws.com github-production-upload-manifest-file-7fdce7.s3.amazonaws.com github-production-user-asset-6210df.s3.amazonaws.com cdn.optimizely.com logx.optimizely.com/v1/events translator.github.com wss://alive.github.com; font-src github.githubassets.com; form-action 'self' github.com gist.github.com; frame-ancestors 'none'; frame-src render.githubusercontent.com render-temp.githubusercontent.com viewscreen.githubusercontent.com; img-src 'self' data: github.githubassets.com identicons.github.com collector.githubapp.com github-cloud.s3.amazonaws.com secured-user-images.githubusercontent.com/ *.githubusercontent.com; manifest-src 'self'; media-src 'none'; script-src github.githubassets.com; style-src 'unsafe-inline' github.githubassets.com; worker-src github.com/socket-worker-3f088aa2.js gist.github.com/socket-worker-3f088aa2.js","x-github-request-id":"C18E:D7D0:7B2B471:7F39DD7:60FD7118"}
[debug] [2021-07-25T14:11:37.594Z] >>> [apiv2][query] GET https://api.github.com/user [none]
[debug] [2021-07-25T14:11:37.975Z] <<< [apiv2][status] GET https://api.github.com/user 200
[debug] [2021-07-25T14:11:37.975Z] <<< [apiv2][body] GET https://api.github.com/user {"login":"akayee","id":53110296,"node_id":"MDQ6VXNlcjUzMTEwMjk2","avatar_url":"https://avatars.githubusercontent.com/u/53110296?v=4","gravatar_id":"","url":"https://api.github.com/users/akayee","html_url":"https://github.com/akayee","followers_url":"https://api.github.com/users/akayee/followers","following_url":"https://api.github.com/users/akayee/following{/other_user}","gists_url":"https://api.github.com/users/akayee/gists{/gist_id}","starred_url":"https://api.github.com/users/akayee/starred{/owner}{/repo}","subscriptions_url":"https://api.github.com/users/akayee/subscriptions","organizations_url":"https://api.github.com/users/akayee/orgs","repos_url":"https://api.github.com/users/akayee/repos","events_url":"https://api.github.com/users/akayee/events{/privacy}","received_events_url":"https://api.github.com/users/akayee/received_events","type":"User","site_admin":false,"name":null,"company":null,"blog":"","location":null,"email":null,"hireable":true,"bio":null,"twitter_username":null,"public_repos":9,"public_gists":0,"followers":0,"following":0,"created_at":"2019-07-20T07:22:49Z","updated_at":"2021-07-25T14:11:35Z","private_gists":0,"total_private_repos":7,"owned_private_repos":7,"disk_usage":159634,"collaborators":0,"two_factor_authentication":false,"plan":{"name":"free","space":976562499,"collaborators":0,"private_repos":10000}}
[info] 
[info] +  Success! Logged into GitHub as akayee 
[info] 
